{
  "RSpec": {
    "coverage": {
      "/Users/alexboyd/turing/1mod/projects/enigma/lib/enigma.rb": {
        "lines": [
          1,
          null,
          1,
          null,
          1,
          14,
          null,
          null,
          null,
          null,
          null,
          null,
          null,
          1,
          3,
          null,
          null,
          1,
          3,
          null,
          null,
          1,
          3,
          null,
          null,
          1,
          3,
          null,
          null,
          1,
          13,
          null,
          null,
          1,
          3,
          null,
          null,
          1,
          3,
          null,
          null,
          1,
          3,
          null,
          null,
          1,
          3,
          null,
          null,
          1,
          28,
          28,
          28,
          20,
          null,
          8,
          null,
          null,
          null,
          1,
          4,
          null,
          null,
          1,
          2,
          2,
          2,
          2,
          null,
          2,
          2,
          2,
          2,
          null,
          2,
          null,
          2,
          2,
          null,
          2,
          22,
          4,
          18,
          6,
          12,
          6,
          6,
          6,
          null,
          null,
          null,
          2,
          2,
          2,
          null,
          2,
          null,
          null,
          null
        ]
      }
    },
    "timestamp": 1654806587
  }
}
