{
  "RSpec": {
    "coverage": {
      "/Users/alexboyd/turing/1mod/projects/enigma/lib/enigma.rb": {
        "lines": [
          1,
          1,
          1,
          1,
          1,
          1,
          1,
          null,
          1,
          null,
          1,
          null,
          null,
          1,
          8,
          null,
          null,
          1,
          1,
          null,
          null,
          1,
          1,
          null,
          null,
          null
        ]
      },
      "/Users/alexboyd/turing/1mod/projects/enigma/lib/key_generator.rb": {
        "lines": [
          1,
          null,
          1,
          null,
          1,
          null,
          null,
          1,
          200150,
          null,
          null,
          1,
          200105,
          1,
          null,
          200104,
          1200472,
          null,
          null,
          1,
          200116,
          14,
          200102,
          200065,
          null,
          37,
          null,
          null,
          null,
          1,
          70,
          null,
          null,
          1,
          14,
          84,
          14,
          null,
          null,
          1,
          43,
          null,
          null,
          1,
          42,
          null,
          null,
          1,
          41,
          41,
          41,
          205,
          null,
          41,
          null,
          null,
          1,
          240,
          null,
          null,
          1,
          39,
          null,
          null,
          1,
          38,
          null,
          null,
          null
        ]
      },
      "/Users/alexboyd/turing/1mod/projects/enigma/lib/encryptor.rb": {
        "lines": [
          1,
          1,
          1,
          null,
          1,
          1,
          null,
          1,
          null,
          null,
          null,
          null,
          1,
          94,
          null,
          94,
          94,
          null,
          94,
          null,
          94,
          null,
          null,
          null,
          null,
          null,
          null,
          null,
          1,
          44,
          null,
          null,
          1,
          44,
          null,
          null,
          1,
          44,
          null,
          null,
          1,
          32,
          null,
          null,
          1,
          166,
          166,
          166,
          121,
          null,
          45,
          null,
          null,
          null,
          1,
          13,
          null,
          null,
          1,
          12,
          12,
          null,
          12,
          162,
          2,
          160,
          31,
          129,
          43,
          86,
          43,
          43,
          43,
          null,
          null,
          12,
          null,
          12,
          12,
          12,
          null,
          12,
          null,
          null,
          null
        ]
      },
      "/Users/alexboyd/turing/1mod/projects/enigma/lib/modules/shiftable.rb": {
        "lines": [
          1,
          1,
          null,
          1,
          1,
          1,
          null,
          1,
          800063,
          null,
          null,
          1,
          800063,
          null,
          null,
          1,
          800063,
          null,
          null,
          1,
          600045,
          null,
          null,
          null
        ]
      },
      "/Users/alexboyd/turing/1mod/projects/enigma/lib/modules/ABCDKeyable.rb": {
        "lines": [
          1,
          null,
          1,
          800063,
          null,
          null,
          1,
          800063,
          null,
          null,
          1,
          800063,
          null,
          null,
          1,
          600045,
          null,
          null,
          null
        ]
      },
      "/Users/alexboyd/turing/1mod/projects/enigma/lib/modules/offsettable.rb": {
        "lines": [
          1,
          null,
          1,
          800063,
          null,
          null,
          1,
          800063,
          null,
          null,
          1,
          800063,
          null,
          null,
          1,
          600045,
          null,
          null,
          null
        ]
      },
      "/Users/alexboyd/turing/1mod/projects/enigma/lib/decryptor.rb": {
        "lines": [
          1,
          1,
          1,
          null,
          1,
          1,
          null,
          1,
          null,
          null,
          null,
          1,
          200020,
          null,
          200020,
          200020,
          null,
          200020,
          null,
          200020,
          null,
          null,
          null,
          null,
          null,
          null,
          null,
          1,
          800019,
          null,
          null,
          1,
          800019,
          null,
          null,
          1,
          800019,
          null,
          null,
          1,
          600013,
          null,
          null,
          1,
          3000075,
          3000075,
          3000075,
          272029,
          2728046,
          2728046,
          null,
          null,
          null,
          1,
          200006,
          null,
          null,
          1,
          200006,
          200006,
          null,
          200006,
          3000072,
          2,
          3000070,
          600013,
          2400057,
          800019,
          1600038,
          800019,
          800019,
          800019,
          null,
          null,
          200006,
          null,
          200006,
          200006,
          200006,
          null,
          200006,
          null,
          null
        ]
      },
      "/Users/alexboyd/turing/1mod/projects/enigma/lib/brute_force_cracker.rb": {
        "lines": [
          1,
          1,
          1,
          1,
          1,
          1,
          1,
          null,
          1,
          null,
          1,
          null,
          null,
          null,
          1,
          8,
          8,
          null,
          8,
          null,
          8,
          8,
          800000,
          800000,
          null,
          null,
          null,
          1,
          200001,
          null,
          200001,
          null,
          null,
          1,
          200002,
          null,
          null,
          1,
          2,
          2,
          200000,
          200000,
          2,
          null,
          null,
          2,
          null,
          null,
          null
        ]
      },
      "/Users/alexboyd/turing/1mod/projects/enigma/spec/decryptor_spec.rb": {
        "lines": [
          1,
          1,
          1,
          1,
          1,
          1,
          1,
          1,
          1,
          null,
          1,
          null,
          1,
          8,
          null,
          8,
          null,
          null,
          1,
          1,
          null,
          1,
          null,
          null,
          1,
          1,
          null,
          1,
          null,
          null,
          1,
          1,
          null,
          1,
          null,
          null,
          1,
          1,
          null,
          1,
          null,
          null,
          1,
          1,
          null,
          1,
          null,
          1,
          null,
          1,
          null,
          1,
          null,
          null,
          1,
          1,
          null,
          null,
          null,
          null,
          null,
          1,
          null,
          null,
          null,
          null,
          null,
          null,
          1,
          1,
          null,
          1,
          null,
          null,
          null,
          null,
          null,
          null,
          1,
          1,
          null,
          1,
          null,
          null,
          null,
          null,
          null,
          null
        ]
      },
      "/Users/alexboyd/turing/1mod/projects/enigma/spec/encryptor_spec.rb": {
        "lines": [
          1,
          1,
          1,
          1,
          1,
          1,
          1,
          1,
          null,
          1,
          null,
          1,
          null,
          14,
          null,
          14,
          null,
          14,
          null,
          14,
          null,
          14,
          null,
          14,
          null,
          null,
          1,
          1,
          null,
          1,
          null,
          1,
          null,
          1,
          null,
          1,
          null,
          null,
          1,
          1,
          null,
          1,
          null,
          1,
          null,
          1,
          null,
          1,
          null,
          null,
          1,
          1,
          null,
          1,
          null,
          1,
          null,
          1,
          null,
          1,
          null,
          1,
          null,
          null,
          1,
          null,
          1,
          null,
          1,
          null,
          1,
          null,
          1,
          null,
          1,
          null,
          1,
          null,
          1,
          null,
          1,
          null,
          null,
          1,
          1,
          null,
          null,
          null,
          null,
          null,
          null,
          null,
          null,
          1,
          1,
          null,
          1,
          null,
          1,
          null,
          1,
          null,
          1,
          null,
          1,
          null,
          null,
          1,
          1,
          null,
          null,
          1,
          1,
          null,
          null,
          1,
          1,
          null,
          null,
          1,
          1,
          null,
          null,
          1,
          1,
          null,
          null,
          1,
          1,
          null,
          null,
          null,
          null,
          null,
          1,
          null,
          null,
          null,
          null,
          null,
          null,
          1,
          1,
          null,
          1,
          null,
          null,
          null,
          null,
          null,
          null,
          1,
          1,
          null,
          1,
          null,
          null,
          null,
          null,
          null,
          null,
          null
        ]
      },
      "/Users/alexboyd/turing/1mod/projects/enigma/spec/enigma_spec.rb": {
        "lines": [
          1,
          1,
          1,
          1,
          1,
          null,
          1,
          null,
          1,
          4,
          null,
          null,
          1,
          1,
          null,
          null,
          1,
          1,
          null,
          null,
          null,
          null,
          null,
          null,
          1,
          1,
          null,
          null,
          null,
          null,
          null,
          null,
          1,
          1,
          null,
          null,
          null
        ]
      },
      "/Users/alexboyd/turing/1mod/projects/enigma/spec/key_generator_spec.rb": {
        "lines": [
          1,
          1,
          1,
          1,
          1,
          null,
          1,
          null,
          1,
          12,
          12,
          12,
          null,
          null,
          1,
          1,
          null,
          null,
          1,
          1,
          null,
          1,
          null,
          null,
          1,
          1,
          null,
          null,
          1,
          1,
          null,
          null,
          1,
          1,
          null,
          null,
          1,
          1,
          null,
          1,
          null,
          null,
          1,
          1,
          null,
          null,
          1,
          1,
          null,
          null,
          1,
          1,
          null,
          null,
          1,
          1,
          null,
          1,
          null,
          null,
          1,
          1,
          1,
          1,
          null,
          null,
          1,
          1,
          null,
          1,
          null,
          1,
          null,
          1,
          null,
          null,
          null
        ]
      }
    },
    "timestamp": 1655154488
  }
}
